<?xml version="1.0" encoding="UTF-8"?>
<!-- Generated by org.testng.reporters.JUnitXMLReporter -->
<testsuite ignored="0" hostname="mauricio-Latitude-E6430" failures="0" tests="4" name="Login and Update Profile Test" time="7.044" errors="0" timestamp="14 Jun 2020 19:06:48 GMT">
  <testcase classname="cucumber.api.testng.AbstractTestNGCucumberTests" name="runScenario" time="4.388"/>
  <testcase classname="cucumber.api.testng.AbstractTestNGCucumberTests" name="runScenario" time="0.52"/>
  <testcase classname="cucumber.api.testng.AbstractTestNGCucumberTests" name="runScenario" time="0.777"/>
  <testcase classname="cucumber.api.testng.AbstractTestNGCucumberTests" name="runScenario" time="0.628"/>
</testsuite> <!-- Login and Update Profile Test -->
